<?xml version="1.0" encoding="UTF-8"?>
<!-- Generated by org.testng.reporters.JUnitReportReporter -->
<testsuite skipped="0" hostname="LAPTOP-AKCGDHE0" name="tugas.tugaspomtest.WebYopmailTest" tests="1" failures="0" timestamp="15 Aug 2022 03:22:56 GMT" time="9.212" errors="0">
  <testcase name="testHome" time="9.212" classname="tugas.tugaspomtest.WebYopmailTest"/>
</testsuite> <!-- tugas.tugaspomtest.WebYopmailTest -->
