<?xml version="1.0" encoding="UTF-8"?>
<!-- Generated by org.testng.reporters.JUnitReportReporter -->
<testsuite skipped="0" hostname="LAPTOP-AKCGDHE0" name="tugas.tugaspomtest.WebSauceDemoTest" tests="4" failures="0" timestamp="11 Aug 2022 15:26:41 GMT" time="13.184" errors="0">
  <testcase name="testSauceDemoWrongUsernamePassword" time="2.602" classname="tugas.tugaspomtest.WebSauceDemoTest"/>
  <testcase name="testSauceDemoWrongPassword" time="2.467" classname="tugas.tugaspomtest.WebSauceDemoTest"/>
  <testcase name="testSauceDemoWrongUsername" time="2.845" classname="tugas.tugaspomtest.WebSauceDemoTest"/>
  <testcase name="testSauceDemo" time="5.270" classname="tugas.tugaspomtest.WebSauceDemoTest"/>
</testsuite> <!-- tugas.tugaspomtest.WebSauceDemoTest -->
