<?xml version="1.0" encoding="UTF-8"?>
<!-- Generated by org.testng.reporters.JUnitReportReporter -->
<testsuite skipped="0" hostname="LAPTOP-AKCGDHE0" name="tugas.tugaspomtest.WebSauceDemoTest" tests="4" failures="0" timestamp="15 Aug 2022 03:33:20 GMT" time="14.156" errors="0">
  <testcase name="testSauceDemoWrongUsername" time="2.270" classname="tugas.tugaspomtest.WebSauceDemoTest"/>
  <testcase name="testSauceDemoWrongPassword" time="2.439" classname="tugas.tugaspomtest.WebSauceDemoTest"/>
  <testcase name="testSauceDemo" time="7.126" classname="tugas.tugaspomtest.WebSauceDemoTest"/>
  <testcase name="testSauceDemoWrongUsernamePassword" time="2.321" classname="tugas.tugaspomtest.WebSauceDemoTest"/>
</testsuite> <!-- tugas.tugaspomtest.WebSauceDemoTest -->
