<?xml version="1.0" encoding="UTF-8"?>
<!-- Generated by org.testng.reporters.JUnitReportReporter -->
<testsuite skipped="0" hostname="LAPTOP-AKCGDHE0" name="tugas.tugasapi.APITestSignUp" tests="1" failures="0" timestamp="15 Aug 2022 03:24:27 GMT" time="5.005" errors="0">
  <testcase name="signUpAPI" time="5.005" classname="tugas.tugasapi.APITestSignUp"/>
</testsuite> <!-- tugas.tugasapi.APITestSignUp -->
